<?xml version="1.0" encoding="UTF-8"?>
<!-- Generated by org.testng.reporters.JUnitReportReporter -->
<testsuite skipped="0" hostname="DESKTOP-A5GCHAB" name="com.flipkart.qa.TestPages.HomePageTest" tests="4" failures="0" timestamp="26 Jan 2020 22:12:07 GMT" time="87.634" errors="0">
  <testcase name="HomePageTitleTest" time="18.968" classname="com.flipkart.qa.TestPages.HomePageTest"/>
  <testcase name="amazonImageTest" time="23.723" classname="com.flipkart.qa.TestPages.HomePageTest"/>
  <testcase name="Amazon_search_Test" time="21.386" classname="com.flipkart.qa.TestPages.HomePageTest"/>
  <testcase name="flipkart_search_Test" time="23.557" classname="com.flipkart.qa.TestPages.HomePageTest"/>
</testsuite> <!-- com.flipkart.qa.TestPages.HomePageTest -->
